{"C:\\Users\\lurain\\develop\\test\\forest-js\\packages\\core\\src\\dom\\app.ts": {"path":"C:\\Users\\lurain\\develop\\test\\forest-js\\packages\\core\\src\\dom\\app.ts","statementMap":{"0":{"start":{"line":30,"column":0},"end":{"line":30,"column":16}},"1":{"start":{"line":3,"column":21},"end":{"line":3,"column":26}},"2":{"start":{"line":31,"column":2},"end":{"line":34,"column":3}},"3":{"start":{"line":32,"column":4},"end":{"line":32,"column":98}},"4":{"start":{"line":33,"column":4},"end":{"line":33,"column":16}},"5":{"start":{"line":35,"column":2},"end":{"line":35,"column":24}},"6":{"start":{"line":37,"column":26},"end":{"line":37,"column":31}},"7":{"start":{"line":39,"column":2},"end":{"line":46,"column":3}},"8":{"start":{"line":40,"column":17},"end":{"line":40,"column":82}},"9":{"start":{"line":41,"column":4},"end":{"line":41,"column":68}},"10":{"start":{"line":41,"column":15},"end":{"line":41,"column":68}},"11":{"start":{"line":43,"column":17},"end":{"line":43,"column":34}},"12":{"start":{"line":44,"column":4},"end":{"line":44,"column":27}},"13":{"start":{"line":45,"column":4},"end":{"line":45,"column":21}},"14":{"start":{"line":47,"column":2},"end":{"line":60,"column":3}},"15":{"start":{"line":48,"column":17},"end":{"line":48,"column":41}},"16":{"start":{"line":49,"column":17},"end":{"line":49,"column":64}},"17":{"start":{"line":50,"column":17},"end":{"line":50,"column":64}},"18":{"start":{"line":52,"column":4},"end":{"line":52,"column":35}},"19":{"start":{"line":53,"column":4},"end":{"line":55,"column":5}},"20":{"start":{"line":54,"column":6},"end":{"line":54,"column":29}},"21":{"start":{"line":56,"column":4},"end":{"line":58,"column":5}},"22":{"start":{"line":57,"column":6},"end":{"line":57,"column":29}},"23":{"start":{"line":59,"column":4},"end":{"line":59,"column":35}},"24":{"start":{"line":62,"column":2},"end":{"line":62,"column":14}}},"fnMap":{"0":{"name":"createForest","decl":{"start":{"line":30,"column":16},"end":{"line":30,"column":28}},"loc":{"start":{"line":30,"column":79},"end":{"line":63,"column":1}}}},"branchMap":{"0":{"loc":{"start":{"line":31,"column":2},"end":{"line":34,"column":3}},"type":"if","locations":[{"start":{"line":31,"column":2},"end":{"line":34,"column":3}}]},"1":{"loc":{"start":{"line":39,"column":2},"end":{"line":46,"column":3}},"type":"if","locations":[{"start":{"line":39,"column":2},"end":{"line":46,"column":3}}]},"2":{"loc":{"start":{"line":39,"column":6},"end":{"line":39,"column":66}},"type":"binary-expr","locations":[{"start":{"line":39,"column":6},"end":{"line":39,"column":35}},{"start":{"line":39,"column":39},"end":{"line":39,"column":66}}]},"3":{"loc":{"start":{"line":40,"column":17},"end":{"line":40,"column":82}},"type":"cond-expr","locations":[{"start":{"line":40,"column":45},"end":{"line":40,"column":74}},{"start":{"line":40,"column":77},"end":{"line":40,"column":82}}]},"4":{"loc":{"start":{"line":41,"column":4},"end":{"line":41,"column":68}},"type":"if","locations":[{"start":{"line":41,"column":4},"end":{"line":41,"column":68}}]},"5":{"loc":{"start":{"line":47,"column":2},"end":{"line":60,"column":3}},"type":"if","locations":[{"start":{"line":47,"column":2},"end":{"line":60,"column":3}}]},"6":{"loc":{"start":{"line":49,"column":17},"end":{"line":49,"column":64}},"type":"binary-expr","locations":[{"start":{"line":49,"column":17},"end":{"line":49,"column":30}},{"start":{"line":49,"column":34},"end":{"line":49,"column":64}}]},"7":{"loc":{"start":{"line":50,"column":17},"end":{"line":50,"column":64}},"type":"binary-expr","locations":[{"start":{"line":50,"column":17},"end":{"line":50,"column":30}},{"start":{"line":50,"column":34},"end":{"line":50,"column":64}}]},"8":{"loc":{"start":{"line":53,"column":4},"end":{"line":55,"column":5}},"type":"if","locations":[{"start":{"line":53,"column":4},"end":{"line":55,"column":5}}]},"9":{"loc":{"start":{"line":56,"column":4},"end":{"line":58,"column":5}},"type":"if","locations":[{"start":{"line":56,"column":4},"end":{"line":58,"column":5}}]}},"s":{"0":1,"1":1,"2":0,"3":0,"4":0,"5":0,"6":0,"7":0,"8":0,"9":0,"10":0,"11":0,"12":0,"13":0,"14":0,"15":0,"16":0,"17":0,"18":0,"19":0,"20":0,"21":0,"22":0,"23":0,"24":0},"f":{"0":0},"b":{"0":[0],"1":[0],"2":[0,0],"3":[0,0],"4":[0],"5":[0],"6":[0,0],"7":[0,0],"8":[0],"9":[0]}}
,"C:\\Users\\lurain\\develop\\test\\forest-js\\packages\\core\\src\\dom\\core.ts": {"path":"C:\\Users\\lurain\\develop\\test\\forest-js\\packages\\core\\src\\dom\\core.ts","statementMap":{"0":{"start":{"line":6,"column":0},"end":{"line":6,"column":16}},"1":{"start":{"line":21,"column":0},"end":{"line":21,"column":16}},"2":{"start":{"line":4,"column":20},"end":{"line":4,"column":55}},"3":{"start":{"line":7,"column":2},"end":{"line":7,"column":52}},"4":{"start":{"line":7,"column":28},"end":{"line":7,"column":52}},"5":{"start":{"line":8,"column":2},"end":{"line":8,"column":30}},"6":{"start":{"line":22,"column":13},"end":{"line":22,"column":57}},"7":{"start":{"line":24,"column":2},"end":{"line":24,"column":12}}},"fnMap":{"0":{"name":"ensureMeta","decl":{"start":{"line":6,"column":16},"end":{"line":6,"column":26}},"loc":{"start":{"line":6,"column":38},"end":{"line":9,"column":1}}},"1":{"name":"tree","decl":{"start":{"line":21,"column":16},"end":{"line":21,"column":20}},"loc":{"start":{"line":21,"column":50},"end":{"line":25,"column":1}}}},"branchMap":{"0":{"loc":{"start":{"line":7,"column":2},"end":{"line":7,"column":52}},"type":"if","locations":[{"start":{"line":7,"column":2},"end":{"line":7,"column":52}}]}},"s":{"0":1,"1":1,"2":1,"3":7,"4":5,"5":7,"6":4,"7":4},"f":{"0":7,"1":4},"b":{"0":[5]}}
,"C:\\Users\\lurain\\develop\\test\\forest-js\\packages\\core\\src\\dom\\index.ts": {"path":"C:\\Users\\lurain\\develop\\test\\forest-js\\packages\\core\\src\\dom\\index.ts","statementMap":{"0":{"start":{"line":1,"column":0},"end":{"line":1,"column":23}},"1":{"start":{"line":2,"column":0},"end":{"line":2,"column":22}},"2":{"start":{"line":3,"column":0},"end":{"line":3,"column":27}}},"fnMap":{},"branchMap":{},"s":{"0":1,"1":1,"2":1},"f":{},"b":{}}
,"C:\\Users\\lurain\\develop\\test\\forest-js\\packages\\core\\src\\dom\\schedule.ts": {"path":"C:\\Users\\lurain\\develop\\test\\forest-js\\packages\\core\\src\\dom\\schedule.ts","statementMap":{"0":{"start":{"line":5,"column":0},"end":{"line":5,"column":16}},"1":{"start":{"line":1,"column":30},"end":{"line":1,"column":32}},"2":{"start":{"line":2,"column":16},"end":{"line":2,"column":21}},"3":{"start":{"line":3,"column":21},"end":{"line":3,"column":22}},"4":{"start":{"line":6,"column":2},"end":{"line":6,"column":18}},"5":{"start":{"line":7,"column":2},"end":{"line":7,"column":18}},"6":{"start":{"line":11,"column":2},"end":{"line":11,"column":24}},"7":{"start":{"line":11,"column":17},"end":{"line":11,"column":24}},"8":{"start":{"line":12,"column":2},"end":{"line":12,"column":19}},"9":{"start":{"line":14,"column":2},"end":{"line":24,"column":5}},"10":{"start":{"line":15,"column":18},"end":{"line":15,"column":35}},"11":{"start":{"line":17,"column":4},"end":{"line":20,"column":5}},"12":{"start":{"line":18,"column":18},"end":{"line":18,"column":31}},"13":{"start":{"line":19,"column":6},"end":{"line":19,"column":14}},"14":{"start":{"line":22,"column":4},"end":{"line":22,"column":22}},"15":{"start":{"line":23,"column":4},"end":{"line":23,"column":42}},"16":{"start":{"line":23,"column":26},"end":{"line":23,"column":42}}},"fnMap":{"0":{"name":"enqueue","decl":{"start":{"line":5,"column":16},"end":{"line":5,"column":23}},"loc":{"start":{"line":5,"column":39},"end":{"line":8,"column":1}}},"1":{"name":"scheduleFlush","decl":{"start":{"line":10,"column":9},"end":{"line":10,"column":22}},"loc":{"start":{"line":10,"column":22},"end":{"line":25,"column":1}}},"2":{"name":"(anonymous_2)","decl":{"start":{"line":14,"column":24},"end":{"line":14,"column":27}},"loc":{"start":{"line":14,"column":29},"end":{"line":24,"column":3}}}},"branchMap":{"0":{"loc":{"start":{"line":11,"column":2},"end":{"line":11,"column":24}},"type":"if","locations":[{"start":{"line":11,"column":2},"end":{"line":11,"column":24}}]},"1":{"loc":{"start":{"line":17,"column":11},"end":{"line":17,"column":67}},"type":"binary-expr","locations":[{"start":{"line":17,"column":11},"end":{"line":17,"column":23}},{"start":{"line":17,"column":27},"end":{"line":17,"column":67}}]},"2":{"loc":{"start":{"line":23,"column":4},"end":{"line":23,"column":42}},"type":"if","locations":[{"start":{"line":23,"column":4},"end":{"line":23,"column":42}}]}},"s":{"0":1,"1":1,"2":1,"3":1,"4":0,"5":0,"6":0,"7":0,"8":0,"9":0,"10":0,"11":0,"12":0,"13":0,"14":0,"15":0,"16":0},"f":{"0":0,"1":0,"2":0},"b":{"0":[0],"1":[0,0],"2":[0]}}
}
