TN:
SF:src\dom\app.ts
FN:30,createForest
FNF:1
FNH:1
FNDA:8,createForest
DA:3,2
DA:30,2
DA:31,8
DA:32,7
DA:33,7
DA:35,1
DA:37,1
DA:39,1
DA:40,0
DA:41,0
DA:43,0
DA:44,0
DA:45,0
DA:47,1
DA:48,1
DA:49,1
DA:50,1
DA:52,1
DA:53,1
DA:54,1
DA:56,1
DA:57,1
DA:59,1
DA:62,0
LF:24
LH:18
BRDA:31,0,0,7
BRDA:39,1,0,0
BRDA:39,2,0,1
BRDA:39,2,1,0
BRDA:40,3,0,0
BRDA:40,3,1,0
BRDA:41,4,0,0
BRDA:47,5,0,1
BRDA:49,6,0,1
BRDA:49,6,1,1
BRDA:50,7,0,1
BRDA:50,7,1,1
BRDA:53,8,0,1
BRDA:56,9,0,1
BRF:14
BRH:9
end_of_record
TN:
SF:src\dom\core.ts
FN:6,ensureMeta
FN:21,tree
FNF:2
FNH:2
FNDA:7,ensureMeta
FNDA:4,tree
DA:4,2
DA:6,2
DA:7,7
DA:8,7
DA:21,2
DA:22,4
DA:24,4
LF:7
LH:7
BRDA:7,0,0,5
BRF:1
BRH:1
end_of_record
TN:
SF:src\dom\index.ts
FNF:0
FNH:0
DA:1,2
DA:2,2
DA:3,2
LF:3
LH:3
BRF:0
BRH:0
end_of_record
TN:
SF:src\dom\schedule.ts
FN:5,enqueue
FN:10,scheduleFlush
FN:14,(anonymous_2)
FNF:3
FNH:0
FNDA:0,enqueue
FNDA:0,scheduleFlush
FNDA:0,(anonymous_2)
DA:1,2
DA:2,2
DA:3,2
DA:5,2
DA:6,0
DA:7,0
DA:11,0
DA:12,0
DA:14,0
DA:15,0
DA:17,0
DA:18,0
DA:19,0
DA:22,0
DA:23,0
LF:15
LH:4
BRDA:11,0,0,0
BRDA:17,1,0,0
BRDA:17,1,1,0
BRDA:23,2,0,0
BRF:4
BRH:0
end_of_record
TN:
SF:src\utilities\child.ts
FN:4,(anonymous_0)
FN:14,(anonymous_1)
FN:16,(anonymous_2)
FN:25,(anonymous_3)
FN:33,(anonymous_4)
FN:41,(anonymous_5)
FN:119,(anonymous_6)
FN:122,(anonymous_7)
FN:131,(anonymous_8)
FN:138,(anonymous_9)
FN:138,(anonymous_10)
FN:159,(anonymous_11)
FN:160,(anonymous_12)
FN:166,(anonymous_13)
FN:185,(anonymous_14)
FN:185,(anonymous_15)
FN:189,(anonymous_16)
FN:198,(anonymous_17)
FN:203,(anonymous_18)
FNF:19
FNH:0
FNDA:0,(anonymous_0)
FNDA:0,(anonymous_1)
FNDA:0,(anonymous_2)
FNDA:0,(anonymous_3)
FNDA:0,(anonymous_4)
FNDA:0,(anonymous_5)
FNDA:0,(anonymous_6)
FNDA:0,(anonymous_7)
FNDA:0,(anonymous_8)
FNDA:0,(anonymous_9)
FNDA:0,(anonymous_10)
FNDA:0,(anonymous_11)
FNDA:0,(anonymous_12)
FNDA:0,(anonymous_13)
FNDA:0,(anonymous_14)
FNDA:0,(anonymous_15)
FNDA:0,(anonymous_16)
FNDA:0,(anonymous_17)
FNDA:0,(anonymous_18)
DA:2,1
DA:4,1
DA:5,0
DA:6,0
DA:8,0
DA:9,0
DA:11,0
DA:14,1
DA:15,0
DA:16,0
DA:17,0
DA:18,0
DA:19,0
DA:22,0
DA:25,1
DA:26,0
DA:27,0
DA:28,0
DA:30,0
DA:33,1
DA:34,0
DA:35,0
DA:37,0
DA:41,1
DA:42,0
DA:45,0
DA:46,0
DA:47,0
DA:48,0
DA:50,0
DA:52,0
DA:53,0
DA:54,0
DA:55,0
DA:56,0
DA:58,0
DA:59,0
DA:60,0
DA:61,0
DA:63,0
DA:64,0
DA:65,0
DA:66,0
DA:67,0
DA:71,0
DA:72,0
DA:73,0
DA:74,0
DA:75,0
DA:77,0
DA:78,0
DA:79,0
DA:80,0
DA:81,0
DA:82,0
DA:86,0
DA:87,0
DA:88,0
DA:89,0
DA:90,0
DA:91,0
DA:92,0
DA:93,0
DA:94,0
DA:95,0
DA:97,0
DA:98,0
DA:99,0
DA:100,0
DA:101,0
DA:102,0
DA:103,0
DA:104,0
DA:109,0
DA:110,0
DA:114,0
DA:115,0
DA:119,1
DA:121,0
DA:122,0
DA:123,0
DA:124,0
DA:127,0
DA:129,0
DA:130,0
DA:131,0
DA:134,0
DA:135,0
DA:136,0
DA:137,0
DA:138,0
DA:159,1
DA:160,0
DA:161,0
DA:162,0
DA:163,0
DA:164,0
DA:166,0
DA:167,0
DA:168,0
DA:170,0
DA:171,0
DA:173,0
DA:175,0
DA:176,0
DA:178,0
DA:182,0
DA:185,0
DA:187,0
DA:188,0
DA:189,0
DA:191,0
DA:193,0
DA:194,0
DA:195,0
DA:197,0
DA:199,0
DA:200,0
DA:201,0
DA:204,0
DA:208,0
DA:209,0
DA:213,0
LF:123
LH:8
BRDA:5,0,0,0
BRDA:5,1,0,0
BRDA:5,1,1,0
BRDA:8,2,0,0
BRDA:8,3,0,0
BRDA:8,3,1,0
BRDA:15,4,0,0
BRDA:17,5,0,0
BRDA:18,6,0,0
BRDA:26,7,0,0
BRDA:28,8,0,0
BRDA:34,9,0,0
BRDA:34,10,0,0
BRDA:34,10,1,0
BRDA:34,10,2,0
BRDA:42,11,0,0
BRDA:45,12,0,0
BRDA:45,12,1,0
BRDA:47,13,0,0
BRDA:47,13,1,0
BRDA:53,14,0,0
BRDA:53,14,1,0
BRDA:59,15,0,0
BRDA:59,15,1,0
BRDA:60,16,0,0
BRDA:60,16,1,0
BRDA:61,17,0,0
BRDA:63,18,0,0
BRDA:65,19,0,0
BRDA:73,20,0,0
BRDA:73,20,1,0
BRDA:77,21,0,0
BRDA:77,22,0,0
BRDA:77,22,1,0
BRDA:80,23,0,0
BRDA:88,24,0,0
BRDA:88,25,0,0
BRDA:88,25,1,0
BRDA:90,26,0,0
BRDA:90,26,1,0
BRDA:93,27,0,0
BRDA:97,28,0,0
BRDA:99,29,0,0
BRDA:102,30,0,0
BRDA:121,31,0,0
BRDA:121,31,1,0
BRDA:121,32,0,0
BRDA:121,32,1,0
BRDA:123,33,0,0
BRDA:123,34,0,0
BRDA:123,34,1,0
BRDA:127,35,0,0
BRDA:127,35,1,0
BRDA:127,36,0,0
BRDA:127,36,1,0
BRDA:135,37,0,0
BRDA:135,37,1,0
BRDA:135,38,0,0
BRDA:135,38,1,0
BRDA:137,39,0,0
BRDA:161,40,0,0
BRDA:161,40,1,0
BRDA:161,41,0,0
BRDA:161,41,1,0
BRDA:173,42,0,0
BRDA:173,42,1,0
BRDA:193,43,0,0
BRDA:193,43,1,0
BRF:68
BRH:0
end_of_record
